<?xml version="1.0" encoding="UTF-8"?>
<testng-results ignored="0" total="1" passed="1" failed="0" skipped="0">
  <reporter-output>
  </reporter-output>
  <suite started-at="2025-02-05T23:10:58 IST" name="Suite" finished-at="2025-02-05T23:11:23 IST" duration-ms="25336">
    <groups>
    </groups>
    <test started-at="2025-02-05T23:10:58 IST" name="Test" finished-at="2025-02-05T23:11:23 IST" duration-ms="25336">
      <class name="scripts.Testscript2">
        <test-method is-config="true" signature="openApp()[pri:0, instance:scripts.Testscript2@451001e5]" started-at="2025-02-05T23:10:58 IST" name="openApp" finished-at="2025-02-05T23:11:17 IST" duration-ms="18532" status="PASS">
          <reporter-output>
          </reporter-output>
        </test-method> <!-- openApp -->
        <test-method signature="test2()[pri:0, instance:scripts.Testscript2@451001e5]" started-at="2025-02-05T23:11:17 IST" name="test2" finished-at="2025-02-05T23:11:22 IST" duration-ms="5439" status="PASS">
          <reporter-output>
          </reporter-output>
        </test-method> <!-- test2 -->
        <test-method is-config="true" signature="closeApp()[pri:0, instance:scripts.Testscript2@451001e5]" started-at="2025-02-05T23:11:22 IST" name="closeApp" finished-at="2025-02-05T23:11:23 IST" duration-ms="1138" status="PASS">
          <reporter-output>
          </reporter-output>
        </test-method> <!-- closeApp -->
      </class> <!-- scripts.Testscript2 -->
    </test> <!-- Test -->
  </suite> <!-- Suite -->
</testng-results>
